Build started 17/12/2015 09:26:42.
     1>Project "C:\Users\lab422\Documents\Visual Studio 2013\Projects\Threading Before threaded\Threading\Threading.vcxproj" on node 2 (Build target(s)).
     1>ClCompile:
         C:\Program Files (x86)\Microsoft Visual Studio 12.0\VC\bin\CL.exe /c /I"C:\SDL2_image-2.0.0\include" /ZI /nologo /W3 /WX- /sdl /Od /Oy- /D WIN32 /D _DEBUG /D _CONSOLE /D _LIB /D _UNICODE /D UNICODE /Gm /EHsc /RTC1 /MDd /GS /fp:precise /Zc:wchar_t /Zc:forScope /Yc"stdafx.h" /Fp"Debug\Threading.pch" /Fo"Debug\\" /Fd"Debug\vc120.pdb" /Gd /TP /analyze- /errorReport:prompt stdafx.cpp
         stdafx.cpp
         C:\Program Files (x86)\Microsoft Visual Studio 12.0\VC\bin\CL.exe /c /I"C:\SDL2_image-2.0.0\include" /ZI /nologo /W3 /WX- /sdl /Od /Oy- /D WIN32 /D _DEBUG /D _CONSOLE /D _LIB /D _UNICODE /D UNICODE /Gm /EHsc /RTC1 /MDd /GS /fp:precise /Zc:wchar_t /Zc:forScope /Fo"Debug\\" /Fd"Debug\vc120.pdb" /Gd /TP /analyze- /errorReport:prompt Enemy.cpp EnemyManager.cpp GameStateController.cpp KeyBoardInput.cpp Menu.cpp Play.cpp Player.cpp Renderer.cpp ScoreScreen.cpp SoundManager.cpp Sprite.cpp
         Sprite.cpp
     1>c:\users\lab422\documents\visual studio 2013\projects\threading before threaded\threading\renderer.h(31): warning C4150: deletion of pointer to incomplete type 'SDL_Renderer'; no destructor called
                 c:\sdl2-2.0.3\include\sdl_render.h(121) : see declaration of 'SDL_Renderer'
     1>c:\users\lab422\documents\visual studio 2013\projects\threading before threaded\threading\sprite.h(20): warning C4150: deletion of pointer to incomplete type 'SDL_Texture'; no destructor called
                 c:\sdl2-2.0.3\include\sdl_render.h(127) : see declaration of 'SDL_Texture'
     1>c:\users\lab422\documents\visual studio 2013\projects\threading before threaded\threading\sprite.cpp(23): warning C4244: '=' : conversion from 'float' to 'int', possible loss of data
     1>c:\users\lab422\documents\visual studio 2013\projects\threading before threaded\threading\sprite.cpp(24): warning C4244: '=' : conversion from 'float' to 'int', possible loss of data
     1>c:\users\lab422\documents\visual studio 2013\projects\threading before threaded\threading\sprite.cpp(32): warning C4244: '=' : conversion from 'float' to 'int', possible loss of data
     1>c:\users\lab422\documents\visual studio 2013\projects\threading before threaded\threading\sprite.cpp(36): warning C4244: '=' : conversion from 'float' to 'int', possible loss of data
         SoundManager.cpp
         ScoreScreen.cpp
     1>c:\users\lab422\documents\visual studio 2013\projects\threading before threaded\threading\renderer.h(31): warning C4150: deletion of pointer to incomplete type 'SDL_Renderer'; no destructor called
                 c:\sdl2-2.0.3\include\sdl_render.h(121) : see declaration of 'SDL_Renderer'
     1>c:\users\lab422\documents\visual studio 2013\projects\threading before threaded\threading\sprite.h(20): warning C4150: deletion of pointer to incomplete type 'SDL_Texture'; no destructor called
                 c:\sdl2-2.0.3\include\sdl_render.h(127) : see declaration of 'SDL_Texture'
         Renderer.cpp
     1>c:\users\lab422\documents\visual studio 2013\projects\threading before threaded\threading\renderer.h(31): warning C4150: deletion of pointer to incomplete type 'SDL_Renderer'; no destructor called
                 c:\sdl2-2.0.3\include\sdl_render.h(121) : see declaration of 'SDL_Renderer'
         Player.cpp
     1>c:\users\lab422\documents\visual studio 2013\projects\threading before threaded\threading\renderer.h(31): warning C4150: deletion of pointer to incomplete type 'SDL_Renderer'; no destructor called
                 c:\sdl2-2.0.3\include\sdl_render.h(121) : see declaration of 'SDL_Renderer'
     1>c:\users\lab422\documents\visual studio 2013\projects\threading before threaded\threading\sprite.h(20): warning C4150: deletion of pointer to incomplete type 'SDL_Texture'; no destructor called
                 c:\sdl2-2.0.3\include\sdl_render.h(127) : see declaration of 'SDL_Texture'
     1>c:\users\lab422\documents\visual studio 2013\projects\threading before threaded\threading\player.cpp(5): warning C4244: '=' : conversion from 'int' to 'float', possible loss of data
     1>c:\users\lab422\documents\visual studio 2013\projects\threading before threaded\threading\player.cpp(6): warning C4244: '=' : conversion from 'int' to 'float', possible loss of data
         Play.cpp
     1>c:\users\lab422\documents\visual studio 2013\projects\threading before threaded\threading\renderer.h(31): warning C4150: deletion of pointer to incomplete type 'SDL_Renderer'; no destructor called
                 c:\sdl2-2.0.3\include\sdl_render.h(121) : see declaration of 'SDL_Renderer'
     1>c:\users\lab422\documents\visual studio 2013\projects\threading before threaded\threading\sprite.h(20): warning C4150: deletion of pointer to incomplete type 'SDL_Texture'; no destructor called
                 c:\sdl2-2.0.3\include\sdl_render.h(127) : see declaration of 'SDL_Texture'
     1>c:\users\lab422\documents\visual studio 2013\projects\threading before threaded\threading\enemymanager.h(25): warning C4150: deletion of pointer to incomplete type 'SDL_Texture'; no destructor called
                 c:\sdl2-2.0.3\include\sdl_render.h(127) : see declaration of 'SDL_Texture'
         Menu.cpp
     1>c:\users\lab422\documents\visual studio 2013\projects\threading before threaded\threading\renderer.h(31): warning C4150: deletion of pointer to incomplete type 'SDL_Renderer'; no destructor called
                 c:\sdl2-2.0.3\include\sdl_render.h(121) : see declaration of 'SDL_Renderer'
     1>c:\users\lab422\documents\visual studio 2013\projects\threading before threaded\threading\sprite.h(20): warning C4150: deletion of pointer to incomplete type 'SDL_Texture'; no destructor called
                 c:\sdl2-2.0.3\include\sdl_render.h(127) : see declaration of 'SDL_Texture'
         KeyBoardInput.cpp
         GameStateController.cpp
         EnemyManager.cpp
     1>c:\users\lab422\documents\visual studio 2013\projects\threading before threaded\threading\renderer.h(31): warning C4150: deletion of pointer to incomplete type 'SDL_Renderer'; no destructor called
                 c:\sdl2-2.0.3\include\sdl_render.h(121) : see declaration of 'SDL_Renderer'
     1>c:\users\lab422\documents\visual studio 2013\projects\threading before threaded\threading\sprite.h(20): warning C4150: deletion of pointer to incomplete type 'SDL_Texture'; no destructor called
                 c:\sdl2-2.0.3\include\sdl_render.h(127) : see declaration of 'SDL_Texture'
     1>c:\users\lab422\documents\visual studio 2013\projects\threading before threaded\threading\enemymanager.h(25): warning C4150: deletion of pointer to incomplete type 'SDL_Texture'; no destructor called
                 c:\sdl2-2.0.3\include\sdl_render.h(127) : see declaration of 'SDL_Texture'
         Enemy.cpp
     1>c:\users\lab422\documents\visual studio 2013\projects\threading before threaded\threading\renderer.h(31): warning C4150: deletion of pointer to incomplete type 'SDL_Renderer'; no destructor called
                 c:\sdl2-2.0.3\include\sdl_render.h(121) : see declaration of 'SDL_Renderer'
     1>c:\users\lab422\documents\visual studio 2013\projects\threading before threaded\threading\sprite.h(20): warning C4150: deletion of pointer to incomplete type 'SDL_Texture'; no destructor called
                 c:\sdl2-2.0.3\include\sdl_render.h(127) : see declaration of 'SDL_Texture'
     1>c:\users\lab422\documents\visual studio 2013\projects\threading before threaded\threading\enemy.cpp(5): warning C4244: '=' : conversion from 'int' to 'float', possible loss of data
     1>c:\users\lab422\documents\visual studio 2013\projects\threading before threaded\threading\enemy.cpp(6): warning C4244: '=' : conversion from 'int' to 'float', possible loss of data
         Generating Code...
         C:\Program Files (x86)\Microsoft Visual Studio 12.0\VC\bin\CL.exe /c /I"C:\SDL2_image-2.0.0\include" /ZI /nologo /W3 /WX- /sdl /Od /Oy- /D WIN32 /D _DEBUG /D _CONSOLE /D _LIB /D _UNICODE /D UNICODE /Gm /EHsc /RTC1 /MDd /GS /fp:precise /Zc:wchar_t /Zc:forScope /Yu"stdafx.h" /Fp"Debug\Threading.pch" /Fo"Debug\\" /Fd"Debug\vc120.pdb" /Gd /TP /analyze- /errorReport:prompt Threading.cpp
         Threading.cpp
     1>c:\users\lab422\documents\visual studio 2013\projects\threading before threaded\threading\renderer.h(31): warning C4150: deletion of pointer to incomplete type 'SDL_Renderer'; no destructor called
                 c:\sdl2-2.0.3\include\sdl_render.h(121) : see declaration of 'SDL_Renderer'
     1>c:\users\lab422\documents\visual studio 2013\projects\threading before threaded\threading\sprite.h(20): warning C4150: deletion of pointer to incomplete type 'SDL_Texture'; no destructor called
                 c:\sdl2-2.0.3\include\sdl_render.h(127) : see declaration of 'SDL_Texture'
     1>c:\users\lab422\documents\visual studio 2013\projects\threading before threaded\threading\enemymanager.h(25): warning C4150: deletion of pointer to incomplete type 'SDL_Texture'; no destructor called
                 c:\sdl2-2.0.3\include\sdl_render.h(127) : see declaration of 'SDL_Texture'
       Link:
         C:\Program Files (x86)\Microsoft Visual Studio 12.0\VC\bin\link.exe /ERRORREPORT:PROMPT /OUT:"C:\Users\lab422\Documents\Visual Studio 2013\Projects\Threading Before threaded\Debug\Threading.exe" /INCREMENTAL /NOLOGO SDL2.lib SDL2main.lib SDL2_image.lib SDL2_mixer.lib kernel32.lib user32.lib gdi32.lib winspool.lib comdlg32.lib advapi32.lib shell32.lib ole32.lib oleaut32.lib uuid.lib odbc32.lib odbccp32.lib /MANIFEST /MANIFESTUAC:"level='asInvoker' uiAccess='false'" /manifest:embed /DEBUG /PDB:"C:\Users\lab422\Documents\Visual Studio 2013\Projects\Threading Before threaded\Debug\Threading.pdb" /SUBSYSTEM:CONSOLE /TLBID:1 /DYNAMICBASE /NXCOMPAT /IMPLIB:"C:\Users\lab422\Documents\Visual Studio 2013\Projects\Threading Before threaded\Debug\Threading.lib" /MACHINE:X86 Debug\Enemy.obj
         Debug\EnemyManager.obj
         Debug\GameStateController.obj
         Debug\KeyBoardInput.obj
         Debug\Menu.obj
         Debug\Play.obj
         Debug\Player.obj
         Debug\Renderer.obj
         Debug\ScoreScreen.obj
         Debug\SoundManager.obj
         Debug\Sprite.obj
         Debug\stdafx.obj
         Debug\Threading.obj
         Threading.vcxproj -> C:\Users\lab422\Documents\Visual Studio 2013\Projects\Threading Before threaded\Debug\Threading.exe
     1>Done Building Project "C:\Users\lab422\Documents\Visual Studio 2013\Projects\Threading Before threaded\Threading\Threading.vcxproj" (Build target(s)).

Build succeeded.

Time Elapsed 00:00:06.09
